<?xml version="1.0" encoding="UTF-8"?>
<!-- Generated by org.testng.reporters.JUnitReportReporter -->
<testsuite skipped="0" hostname="DESKTOP-8PV5AO7" name="testCasesPOM.TC001_CreateLead" tests="2" failures="0" timestamp="12 Aug 2018 05:42:51 GMT" time="39.872" errors="0">
  <testcase name="createLead" time="19.603" classname="testCasesPOM.TC001_CreateLead"/>
  <testcase name="createLead" time="20.269" classname="testCasesPOM.TC001_CreateLead"/>
</testsuite> <!-- testCasesPOM.TC001_CreateLead -->
